This is pdfTeX, Version 3.14159265-2.6-1.40.16 (TeX Live 2015) (preloaded format=pdflatex 2015.9.10)  23 APR 2016 17:31
entering extended mode
 \write18 enabled.
 file:line:error style messages enabled.
 %&-line parsing enabled.
**"NS1_CT and NSA.tex"
(./NS1_CT and NSA.tex
LaTeX2e <2015/01/01>
Babel <3.9l> and hyphenation patterns for 79 languages loaded.
(/usr/local/texlive/2015/texmf-dist/tex/latex/amscls/amsart.cls
Document Class: amsart 2015/03/04 v2.20.2
\linespacing=\dimen102
\normalparindent=\dimen103
\normaltopskip=\skip41
(/usr/local/texlive/2015/texmf-dist/tex/latex/amsmath/amsmath.sty
Package: amsmath 2013/01/14 v2.14 AMS math features
\@mathmargin=\skip42

For additional information on amsmath, use the `?' option.
(/usr/local/texlive/2015/texmf-dist/tex/latex/amsmath/amstext.sty
Package: amstext 2000/06/29 v2.01

(/usr/local/texlive/2015/texmf-dist/tex/latex/amsmath/amsgen.sty
File: amsgen.sty 1999/11/30 v2.0
\@emptytoks=\toks14
\ex@=\dimen104
))
(/usr/local/texlive/2015/texmf-dist/tex/latex/amsmath/amsbsy.sty
Package: amsbsy 1999/11/29 v1.2d
\pmbraise@=\dimen105
)
(/usr/local/texlive/2015/texmf-dist/tex/latex/amsmath/amsopn.sty
Package: amsopn 1999/12/14 v2.01 operator names
)
\inf@bad=\count79
LaTeX Info: Redefining \frac on input line 210.
\uproot@=\count80
\leftroot@=\count81
LaTeX Info: Redefining \overline on input line 306.
\classnum@=\count82
\DOTSCASE@=\count83
LaTeX Info: Redefining \ldots on input line 378.
LaTeX Info: Redefining \dots on input line 381.
LaTeX Info: Redefining \cdots on input line 466.
\Mathstrutbox@=\box26
\strutbox@=\box27
\big@size=\dimen106
LaTeX Font Info:    Redeclaring font encoding OML on input line 566.
LaTeX Font Info:    Redeclaring font encoding OMS on input line 567.
\macc@depth=\count84
\c@MaxMatrixCols=\count85
\dotsspace@=\muskip10
\c@parentequation=\count86
\dspbrk@lvl=\count87
\tag@help=\toks15
\row@=\count88
\column@=\count89
\maxfields@=\count90
\andhelp@=\toks16
\eqnshift@=\dimen107
\alignsep@=\dimen108
\tagshift@=\dimen109
\tagwidth@=\dimen110
\totwidth@=\dimen111
\lineht@=\dimen112
\@envbody=\toks17
\multlinegap=\skip43
\multlinetaggap=\skip44
\mathdisplay@stack=\toks18
LaTeX Info: Redefining \[ on input line 2665.
LaTeX Info: Redefining \] on input line 2666.
)
LaTeX Font Info:    Try loading font information for U+msa on input line 388.

(/usr/local/texlive/2015/texmf-dist/tex/latex/amsfonts/umsa.fd
File: umsa.fd 2013/01/14 v3.01 AMS symbols A
)
(/usr/local/texlive/2015/texmf-dist/tex/latex/amsfonts/amsfonts.sty
Package: amsfonts 2013/01/14 v3.01 Basic AMSFonts support
\symAMSa=\mathgroup4
\symAMSb=\mathgroup5
LaTeX Font Info:    Overwriting math alphabet `\mathfrak' in version `bold'
(Font)                  U/euf/m/n --> U/euf/b/n on input line 106.
)
\copyins=\insert233
\abstractbox=\box28
\listisep=\skip45
\c@part=\count91
\c@section=\count92
\c@subsection=\count93
\c@subsubsection=\count94
\c@paragraph=\count95
\c@subparagraph=\count96
\c@figure=\count97
\c@table=\count98
\abovecaptionskip=\skip46
\belowcaptionskip=\skip47
\captionindent=\dimen113
\thm@style=\toks19
\thm@bodyfont=\toks20
\thm@headfont=\toks21
\thm@notefont=\toks22
\thm@headpunct=\toks23
\thm@preskip=\skip48
\thm@postskip=\skip49
\thm@headsep=\skip50
\dth@everypar=\toks24
)
(/usr/local/texlive/2015/texmf-dist/tex/latex/amsfonts/amssymb.sty
Package: amssymb 2013/01/14 v3.01 AMS font symbols
)
(/usr/local/texlive/2015/texmf-dist/tex/latex/hyperref/hyperref.sty
Package: hyperref 2012/11/06 v6.83m Hypertext links for LaTeX

(/usr/local/texlive/2015/texmf-dist/tex/generic/oberdiek/hobsub-hyperref.sty
Package: hobsub-hyperref 2012/05/28 v1.13 Bundle oberdiek, subset hyperref (HO)


(/usr/local/texlive/2015/texmf-dist/tex/generic/oberdiek/hobsub-generic.sty
Package: hobsub-generic 2012/05/28 v1.13 Bundle oberdiek, subset generic (HO)
Package: hobsub 2012/05/28 v1.13 Construct package bundles (HO)
Package: infwarerr 2010/04/08 v1.3 Providing info/warning/error messages (HO)
Package: ltxcmds 2011/11/09 v1.22 LaTeX kernel commands for general use (HO)
Package: ifluatex 2010/03/01 v1.3 Provides the ifluatex switch (HO)
Package ifluatex Info: LuaTeX not detected.
Package: ifvtex 2010/03/01 v1.5 Detect VTeX and its facilities (HO)
Package ifvtex Info: VTeX not detected.
Package: intcalc 2007/09/27 v1.1 Expandable calculations with integers (HO)
Package: ifpdf 2011/01/30 v2.3 Provides the ifpdf switch (HO)
Package ifpdf Info: pdfTeX in PDF mode is detected.
Package: etexcmds 2011/02/16 v1.5 Avoid name clashes with e-TeX commands (HO)
Package etexcmds Info: Could not find \expanded.
(etexcmds)             That can mean that you are not using pdfTeX 1.50 or
(etexcmds)             that some package has redefined \expanded.
(etexcmds)             In the latter case, load this package earlier.
Package: kvsetkeys 2012/04/25 v1.16 Key value parser (HO)
Package: kvdefinekeys 2011/04/07 v1.3 Define keys (HO)
Package: pdftexcmds 2011/11/29 v0.20 Utility functions of pdfTeX for LuaTeX (HO
)
Package pdftexcmds Info: LuaTeX not detected.
Package pdftexcmds Info: \pdf@primitive is available.
Package pdftexcmds Info: \pdf@ifprimitive is available.
Package pdftexcmds Info: \pdfdraftmode found.
Package: pdfescape 2011/11/25 v1.13 Implements pdfTeX's escape features (HO)
Package: bigintcalc 2012/04/08 v1.3 Expandable calculations on big integers (HO
)
Package: bitset 2011/01/30 v1.1 Handle bit-vector datatype (HO)
Package: uniquecounter 2011/01/30 v1.2 Provide unlimited unique counter (HO)
)
Package hobsub Info: Skipping package `hobsub' (already loaded).
Package: letltxmacro 2010/09/02 v1.4 Let assignment for LaTeX macros (HO)
Package: hopatch 2012/05/28 v1.2 Wrapper for package hooks (HO)
Package: xcolor-patch 2011/01/30 xcolor patch
Package: atveryend 2011/06/30 v1.8 Hooks at the very end of document (HO)
Package atveryend Info: \enddocument detected (standard20110627).
Package: atbegshi 2011/10/05 v1.16 At begin shipout hook (HO)
Package: refcount 2011/10/16 v3.4 Data extraction from label references (HO)
Package: hycolor 2011/01/30 v1.7 Color options for hyperref/bookmark (HO)
)
(/usr/local/texlive/2015/texmf-dist/tex/latex/graphics/keyval.sty
Package: keyval 2014/10/28 v1.15 key=value parser (DPC)
\KV@toks@=\toks25
)
(/usr/local/texlive/2015/texmf-dist/tex/generic/ifxetex/ifxetex.sty
Package: ifxetex 2010/09/12 v0.6 Provides ifxetex conditional
)
(/usr/local/texlive/2015/texmf-dist/tex/latex/oberdiek/auxhook.sty
Package: auxhook 2011/03/04 v1.3 Hooks for auxiliary files (HO)
)
(/usr/local/texlive/2015/texmf-dist/tex/latex/oberdiek/kvoptions.sty
Package: kvoptions 2011/06/30 v3.11 Key value format for package options (HO)
)
\@linkdim=\dimen114
\Hy@linkcounter=\count99
\Hy@pagecounter=\count100

(/usr/local/texlive/2015/texmf-dist/tex/latex/hyperref/pd1enc.def
File: pd1enc.def 2012/11/06 v6.83m Hyperref: PDFDocEncoding definition (HO)
)
\Hy@SavedSpaceFactor=\count101

(/usr/local/texlive/2015/texmf-dist/tex/latex/latexconfig/hyperref.cfg
File: hyperref.cfg 2002/06/06 v1.2 hyperref configuration of TeXLive
)
Package hyperref Info: Hyper figures OFF on input line 4443.
Package hyperref Info: Link nesting OFF on input line 4448.
Package hyperref Info: Hyper index ON on input line 4451.
Package hyperref Info: Plain pages OFF on input line 4458.
Package hyperref Info: Backreferencing OFF on input line 4463.
Package hyperref Info: Implicit mode ON; LaTeX internals redefined.
Package hyperref Info: Bookmarks ON on input line 4688.
\c@Hy@tempcnt=\count102

(/usr/local/texlive/2015/texmf-dist/tex/latex/url/url.sty
\Urlmuskip=\muskip11
Package: url 2013/09/16  ver 3.4  Verb mode for urls, etc.
)
LaTeX Info: Redefining \url on input line 5041.
\XeTeXLinkMargin=\dimen115
\Fld@menulength=\count103
\Field@Width=\dimen116
\Fld@charsize=\dimen117
Package hyperref Info: Hyper figures OFF on input line 6295.
Package hyperref Info: Link nesting OFF on input line 6300.
Package hyperref Info: Hyper index ON on input line 6303.
Package hyperref Info: backreferencing OFF on input line 6310.
Package hyperref Info: Link coloring OFF on input line 6315.
Package hyperref Info: Link coloring with OCG OFF on input line 6320.
Package hyperref Info: PDF/A mode OFF on input line 6325.
LaTeX Info: Redefining \ref on input line 6365.
LaTeX Info: Redefining \pageref on input line 6369.
\Hy@abspage=\count104
\c@Item=\count105
\c@Hfootnote=\count106
)

Package hyperref Message: Driver (autodetected): hpdftex.

(/usr/local/texlive/2015/texmf-dist/tex/latex/hyperref/hpdftex.def
File: hpdftex.def 2012/11/06 v6.83m Hyperref driver for pdfTeX
\Fld@listcount=\count107
\c@bookmark@seq@number=\count108

(/usr/local/texlive/2015/texmf-dist/tex/latex/oberdiek/rerunfilecheck.sty
Package: rerunfilecheck 2011/04/15 v1.7 Rerun checks for auxiliary files (HO)
Package uniquecounter Info: New unique counter `rerunfilecheck' on input line 2
82.
)
\Hy@SectionHShift=\skip51
)
(/usr/local/texlive/2015/texmf-dist/tex/latex/amsrefs/amsrefs.sty
Package: amsrefs 2013/03/07 v2.14

(/usr/local/texlive/2015/texmf-dist/tex/latex/amsrefs/pcatcode.sty
Package: pcatcode 2002/04/16 v1.04
)
(/usr/local/texlive/2015/texmf-dist/tex/latex/amsrefs/ifoption.sty
Package: ifoption 2002/03/04 v1.02
)
(/usr/local/texlive/2015/texmf-dist/tex/latex/amsrefs/rkeyval.sty
Package: rkeyval 2004/05/05 v1.08
\@temptokenb=\toks26
\rsk@toks=\toks27
)
(/usr/local/texlive/2015/texmf-dist/tex/latex/amsrefs/textcmds.sty
Package: textcmds 2012/08/02 v2.00
)
(/usr/local/texlive/2015/texmf-dist/tex/latex/amsrefs/mathscinet.sty
Package: mathscinet 2002/04/17 v1.05
)
\c@bib=\count109
\@maxlabelwidth=\dimen118
\c@bib@env=\count110
\bib@dbfile=\read1
\alpha@suffix=\count111
\series@index=\count112
)
\c@thm=\count113

(/usr/local/texlive/2015/texmf-dist/tex/latex/comment/comment.sty
\CommentStream=\write3

Excluding comment 'comment')
No file "NS1_CT and NSA".aux.
\openout1 = `"NS1_CT and NSA.aux"'.

LaTeX Font Info:    Checking defaults for OML/cmm/m/it on input line 129.
LaTeX Font Info:    ... okay on input line 129.
LaTeX Font Info:    Checking defaults for T1/cmr/m/n on input line 129.
LaTeX Font Info:    ... okay on input line 129.
LaTeX Font Info:    Checking defaults for OT1/cmr/m/n on input line 129.
LaTeX Font Info:    ... okay on input line 129.
LaTeX Font Info:    Checking defaults for OMS/cmsy/m/n on input line 129.
LaTeX Font Info:    ... okay on input line 129.
LaTeX Font Info:    Checking defaults for OMX/cmex/m/n on input line 129.
LaTeX Font Info:    ... okay on input line 129.
LaTeX Font Info:    Checking defaults for U/cmr/m/n on input line 129.
LaTeX Font Info:    ... okay on input line 129.
LaTeX Font Info:    Checking defaults for PD1/pdf/m/n on input line 129.
LaTeX Font Info:    ... okay on input line 129.
LaTeX Font Info:    Try loading font information for U+msa on input line 129.
(/usr/local/texlive/2015/texmf-dist/tex/latex/amsfonts/umsa.fd
File: umsa.fd 2013/01/14 v3.01 AMS symbols A
)
LaTeX Font Info:    Try loading font information for U+msb on input line 129.

(/usr/local/texlive/2015/texmf-dist/tex/latex/amsfonts/umsb.fd
File: umsb.fd 2013/01/14 v3.01 AMS symbols B
)
\AtBeginShipoutBox=\box29
Package hyperref Info: Link coloring OFF on input line 129.

(/usr/local/texlive/2015/texmf-dist/tex/latex/hyperref/nameref.sty
Package: nameref 2012/10/27 v2.43 Cross-referencing by name of section

(/usr/local/texlive/2015/texmf-dist/tex/generic/oberdiek/gettitlestring.sty
Package: gettitlestring 2010/12/03 v1.4 Cleanup title references (HO)
)
\c@section@level=\count114
)
LaTeX Info: Redefining \ref on input line 129.
LaTeX Info: Redefining \pageref on input line 129.
LaTeX Info: Redefining \nameref on input line 129.
\@outlinefile=\write4
\openout4 = `"NS1_CT and NSA.out"'.


Overfull \hbox (2.05637pt too wide) in paragraph at lines 148--150
[][] \OMS/cmsy/m/n/8 ! [][]$ \OT1/cmr/m/n/8 in par-tic-u-lar, we show the non-i
mplications $^^E[][] \OMS/cmsy/m/n/8 6!
 []


LaTeX Warning: Reference `T1' on page 1 undefined on input line 151.


LaTeX Warning: Reference `T2' on page 1 undefined on input line 151.


LaTeX Warning: Reference `T2' on page 1 undefined on input line 151.


LaTeX Warning: Reference `T1' on page 1 undefined on input line 151.

[1{/usr/local/texlive/2015/texmf-var/fonts/map/pdftex/updmap/pdftex.map}]
\tf@toc=\write5
\openout5 = `"NS1_CT and NSA.toc"'.



LaTeX Warning: Citation `brie' on page 2 undefined on input line 167.


LaTeX Warning: Citation `wownelly' on page 2 undefined on input line 170.


LaTeX Warning: Reference `consresultcor' on page 2 undefined on input line 171.



LaTeX Warning: Citation `robinson1' on page 2 undefined on input line 173.


LaTeX Warning: Citation `kohlenbach3' on page 2 undefined on input line 188.

LaTeX Font Info:    Try loading font information for OMS+cmr on input line 188.

(/usr/local/texlive/2015/texmf-dist/tex/latex/base/omscmr.fd
File: omscmr.fd 2014/09/29 v2.5h Standard LaTeX font definitions
)
LaTeX Font Info:    Font shape `OMS/cmr/m/n' in size <10> not available
(Font)              Font shape `OMS/cmsy/m/n' tried instead on input line 188.
 [2]

Package hyperref Warning: Token not allowed in a PDF string (PDFDocEncoding):
(hyperref)                removing `math shift' on input line 201.


Package hyperref Warning: Token not allowed in a PDF string (PDFDocEncoding):
(hyperref)                removing `math shift' on input line 201.


LaTeX Warning: Reference `HACINT' on page 3 undefined on input line 239.


LaTeX Warning: Reference `effewachten' on page 3 undefined on input line 244.


LaTeX Warning: Reference `bog' on page 3 undefined on input line 244.


LaTeX Warning: Citation `sambon' on page 3 undefined on input line 244.


Package amsrefs Warning: Use of \cites is recommended instead of \cite 
(amsrefs)                for multiple cites 'samzoo, samzooII' on input line 24
4.


LaTeX Warning: Citation `samzoo' on page 3 undefined on input line 244.


LaTeX Warning: Citation `samzooII' on page 3 undefined on input line 244.


LaTeX Warning: Citation `samGH' on page 3 undefined on input line 244.

[3pdfTeX warning (ext4): destination with the same identifier (name{equation.2.
1}) has been already used, duplicate ignored

\AtBegShi@Output ...ipout \box \AtBeginShipoutBox 
                                                  \fi \fi 
l.260 \end{proof}
                 ]

LaTeX Warning: Reference `bog' on page 4 undefined on input line 262.


LaTeX Warning: Citation `kohlenbach2' on page 4 undefined on input line 270.


LaTeX Font Warning: Font shape `OT1/cmss/m/it' in size <10> not available
(Font)              Font shape `OT1/cmss/m/sl' tried instead on input line 282.



LaTeX Warning: Citation `fega' on page 4 undefined on input line 288.


LaTeX Warning: Reference `EXT' on page 4 undefined on input line 327.

[4]pdfTeX warning (ext4): destination with the same identifier (name{equation.2
.8}) has been already used, duplicate ignored
<to be read again> 
                   \relax 
l.338 \be
         \tag{\textsf{OS}}pdfTeX warning (ext4): destination with the same iden
tifier (name{equation.2.8}) has been already used, duplicate ignored
<to be read again> 
                   \relax 
l.338 \be
         \tag{\textsf{OS}}pdfTeX warning (ext4): destination with the same iden
tifier (name{equation.2.8}) has been already used, duplicate ignored
<to be read again> 
                   \relax 
l.338 \be
         \tag{\textsf{OS}}pdfTeX warning (ext4): destination with the same iden
tifier (name{equation.2.8}) has been already used, duplicate ignored
<to be read again> 
                   \relax 
l.338 \be
         \tag{\textsf{OS}}

LaTeX Warning: Reference `consresultcor' on page 5 undefined on input line 354.



LaTeX Warning: Citation `fried' on page 5 undefined on input line 359.


LaTeX Warning: Citation `fried2' on page 5 undefined on input line 359.


LaTeX Warning: Citation `simpson2' on page 5 undefined on input line 359.


LaTeX Warning: Citation `simpson1' on page 5 undefined on input line 359.


Overfull \hbox (3.50046pt too wide) in paragraph at lines 359--360
\OT1/cmr/m/n/10 gram in the foun-da-tions of math-e-mat-ics ini-ti-ated around 
1975 by Fried-man ([[]\OT1/cmtt/m/n/10 ?fried[]\OT1/cmr/m/n/10 ,
 []


LaTeX Warning: Citation `ishi1' on page 5 undefined on input line 364.


LaTeX Warning: Citation `damirzoo' on page 5 undefined on input line 374.


LaTeX Warning: Citation `montahue' on page 5 undefined on input line 375.

[5]

LaTeX Warning: Citation `mummy' on page 6 undefined on input line 382.

pdfTeX warning (ext4): destination with the same identifier (name{equation.2.8}
) has been already used, duplicate ignored
<to be read again> 
                   \relax 
l.387 \be
         \label{linord}pdfTeX warning (ext4): destination with the same identif
ier (name{equation.2.8}) has been already used, duplicate ignored
<to be read again> 
                   \relax 
l.387 \be
         \label{linord}pdfTeX warning (ext4): destination with the same identif
ier (name{equation.2.8}) has been already used, duplicate ignored
<to be read again> 
                   \relax 
l.387 \be
         \label{linord}pdfTeX warning (ext4): destination with the same identif
ier (name{equation.2.8}) has been already used, duplicate ignored
<to be read again> 
                   \relax 
l.387 \be
         \label{linord}

LaTeX Warning: Citation `longmann' on page 6 undefined on input line 397.


LaTeX Warning: Reference `import3' on page 6 undefined on input line 402.


LaTeX Warning: Reference `tokie' on page 6 undefined on input line 402.


LaTeX Warning: Reference `indie' on page 6 undefined on input line 403.


LaTeX Warning: Reference `skim' on page 6 undefined on input line 415.


Overfull \hbox (4.89615pt too wide) in paragraph at lines 416--418
[]\OT1/cmr/bx/n/10 Definition 3.1. \OT1/cmr/m/n/10 [Spe-cial fan func-tional] W
e de-fine $[](^^B)$ as fol-lows for $^^B[]$: 
 []


LaTeX Warning: Citation `troelstra1' on page 6 undefined on input line 428.

[6]

LaTeX Warning: Reference `protofinal' on page 7 undefined on input line 442.


LaTeX Warning: Reference `ikkeltje' on page 7 undefined on input line 470.


LaTeX Warning: Reference `difffff' on page 7 undefined on input line 479.


LaTeX Warning: Reference `difffff' on page 7 undefined on input line 480.


LaTeX Warning: Reference `kinkel' on page 7 undefined on input line 484.


LaTeX Warning: Reference `consresultcor' on page 7 undefined on input line 484.



LaTeX Warning: Reference `equ' on page 7 undefined on input line 488.

[7pdfTeX warning (ext4): destination with the same identifier (name{equation.3.
1}) has been already used, duplicate ignored

\AtBegShi@Output ...ipout \box \AtBeginShipoutBox 
                                                  \fi \fi 
l.496 \]
        pdfTeX warning (ext4): destination with the same identifier (name{equat
ion.3.1}) has been already used, duplicate ignored

\AtBegShi@Output ...ipout \box \AtBeginShipoutBox 
                                                  \fi \fi 
l.496 \]
        pdfTeX warning (ext4): destination with the same identifier (name{equat
ion.3.1}) has been already used, duplicate ignored

\AtBegShi@Output ...ipout \box \AtBeginShipoutBox 
                                                  \fi \fi 
l.496 \]
        ]

LaTeX Warning: Citation `kohlenbach4' on page 8 undefined on input line 497.


LaTeX Warning: Reference `import' on page 8 undefined on input line 502.

pdfTeX warning (ext4): destination with the same identifier (name{equation.3.3}
) has been already used, duplicate ignored
<to be read again> 
                   \relax 
l.512 \be
         \tag{$\TJ(\varphi)$}pdfTeX warning (ext4): destination with the same i
dentifier (name{equation.3.3}) has been already used, duplicate ignored
<to be read again> 
                   \relax 
l.512 \be
         \tag{$\TJ(\varphi)$}pdfTeX warning (ext4): destination with the same i
dentifier (name{equation.3.3}) has been already used, duplicate ignored
<to be read again> 
                   \relax 
l.512 \be
         \tag{$\TJ(\varphi)$}pdfTeX warning (ext4): destination with the same i
dentifier (name{equation.3.3}) has been already used, duplicate ignored
<to be read again> 
                   \relax 
l.512 \be
         \tag{$\TJ(\varphi)$} [8]

LaTeX Warning: Citation `avi2' on page 9 undefined on input line 550.


LaTeX Warning: Citation `kooltje' on page 9 undefined on input line 550.

pdfTeX warning (ext4): destination with the same identifier (name{equation.3.3}
) has been already used, duplicate ignored
<to be read again> 
                   \relax 
l.551 \be
         \tag{$\mu^{2}$}pdfTeX warning (ext4): destination with the same identi
fier (name{equation.3.3}) has been already used, duplicate ignored
<to be read again> 
                   \relax 
l.551 \be
         \tag{$\mu^{2}$}pdfTeX warning (ext4): destination with the same identi
fier (name{equation.3.3}) has been already used, duplicate ignored
<to be read again> 
                   \relax 
l.551 \be
         \tag{$\mu^{2}$}pdfTeX warning (ext4): destination with the same identi
fier (name{equation.3.3}) has been already used, duplicate ignored
<to be read again> 
                   \relax 
l.551 \be
         \tag{$\mu^{2}$}

LaTeX Warning: Citation `avi1' on page 9 undefined on input line 554.


LaTeX Warning: Citation `yamayamaharehare' on page 9 undefined on input line 55
4.

pdfTeX warning (ext4): destination with the same identifier (name{equation.3.3}
) has been already used, duplicate ignored
<to be read again> 
                   \relax 
l.555 \be
         \tag{$S^{2}$}pdfTeX warning (ext4): destination with the same identifi
er (name{equation.3.3}) has been already used, duplicate ignored
<to be read again> 
                   \relax 
l.555 \be
         \tag{$S^{2}$}pdfTeX warning (ext4): destination with the same identifi
er (name{equation.3.3}) has been already used, duplicate ignored
<to be read again> 
                   \relax 
l.555 \be
         \tag{$S^{2}$}pdfTeX warning (ext4): destination with the same identifi
er (name{equation.3.3}) has been already used, duplicate ignored
<to be read again> 
                   \relax 
l.555 \be
         \tag{$S^{2}$}pdfTeX warning (ext4): destination with the same identifi
er (name{equation.3.3}) has been already used, duplicate ignored
<to be read again> 
                   \relax 
l.558 \be
         \tag{$\mu_{1}$}pdfTeX warning (ext4): destination with the same identi
fier (name{equation.3.3}) has been already used, duplicate ignored
<to be read again> 
                   \relax 
l.558 \be
         \tag{$\mu_{1}$}pdfTeX warning (ext4): destination with the same identi
fier (name{equation.3.3}) has been already used, duplicate ignored
<to be read again> 
                   \relax 
l.558 \be
         \tag{$\mu_{1}$}pdfTeX warning (ext4): destination with the same identi
fier (name{equation.3.3}) has been already used, duplicate ignored
<to be read again> 
                   \relax 
l.558 \be
         \tag{$\mu_{1}$}pdfTeX warning (ext4): destination with the same identi
fier (name{equation.3.3}) has been already used, duplicate ignored
<to be read again> 
                   \relax 
l.577 \be
         \tag{$\mathcal{E}_{2}$}\label{hah}pdfTeX warning (ext4): destination w
ith the same identifier (name{equation.3.3}) has been already used, duplicate i
gnored
<to be read again> 
                   \relax 
l.577 \be
         \tag{$\mathcal{E}_{2}$}\label{hah}pdfTeX warning (ext4): destination w
ith the same identifier (name{equation.3.3}) has been already used, duplicate i
gnored
<to be read again> 
                   \relax 
l.577 \be
         \tag{$\mathcal{E}_{2}$}\label{hah}pdfTeX warning (ext4): destination w
ith the same identifier (name{equation.3.3}) has been already used, duplicate i
gnored
<to be read again> 
                   \relax 
l.577 \be
         \tag{$\mathcal{E}_{2}$}\label{hah} [9]

LaTeX Warning: Reference `consresultcor' on page 10 undefined on input line 659
.


LaTeX Warning: Reference `nogwel' on page 10 undefined on input line 659.


LaTeX Warning: Citation `splitting' on page 10 undefined on input line 673.

[10]

LaTeX Warning: Reference `RM' on page 11 undefined on input line 702.


LaTeX Warning: Reference `linord' on page 11 undefined on input line 702.


LaTeX Warning: Reference `import' on page 11 undefined on input line 704.


LaTeX Warning: Citation `blaaskeswijsmaken' on page 11 undefined on input line 
705.


LaTeX Warning: Citation `gordon2' on page 11 undefined on input line 705.


LaTeX Warning: Reference `base' on page 11 undefined on input line 709.

pdfTeX warning (ext4): destination with the same identifier (name{equation.3.3}
) has been already used, duplicate ignored
<to be read again> 
                   \relax 
l.711 \be
         \tag{$\paai$}pdfTeX warning (ext4): destination with the same identifi
er (name{equation.3.3}) has been already used, duplicate ignored
<to be read again> 
                   \relax 
l.711 \be
         \tag{$\paai$}pdfTeX warning (ext4): destination with the same identifi
er (name{equation.3.3}) has been already used, duplicate ignored
<to be read again> 
                   \relax 
l.711 \be
         \tag{$\paai$}pdfTeX warning (ext4): destination with the same identifi
er (name{equation.3.3}) has been already used, duplicate ignored
<to be read again> 
                   \relax 
l.711 \be
         \tag{$\paai$}pdfTeX warning (ext4): destination with the same identifi
er (name{equation.3.3}) has been already used, duplicate ignored
<to be read again> 
                   \relax 
l.715 \be
         \tag{$\Paai$}pdfTeX warning (ext4): destination with the same identifi
er (name{equation.3.3}) has been already used, duplicate ignored
<to be read again> 
                   \relax 
l.715 \be
         \tag{$\Paai$}pdfTeX warning (ext4): destination with the same identifi
er (name{equation.3.3}) has been already used, duplicate ignored
<to be read again> 
                   \relax 
l.715 \be
         \tag{$\Paai$}pdfTeX warning (ext4): destination with the same identifi
er (name{equation.3.3}) has been already used, duplicate ignored
<to be read again> 
                   \relax 
l.715 \be
         \tag{$\Paai$}pdfTeX warning (ext4): destination with the same identifi
er (name{equation.3.3}) has been already used, duplicate ignored
<to be read again> 
                   \relax 
l.720 \be
         \tag{$\STP$}pdfTeX warning (ext4): destination with the same identifie
r (name{equation.3.3}) has been already used, duplicate ignored
<to be read again> 
                   \relax 
l.720 \be
         \tag{$\STP$}pdfTeX warning (ext4): destination with the same identifie
r (name{equation.3.3}) has been already used, duplicate ignored
<to be read again> 
                   \relax 
l.720 \be
         \tag{$\STP$}pdfTeX warning (ext4): destination with the same identifie
r (name{equation.3.3}) has been already used, duplicate ignored
<to be read again> 
                   \relax 
l.720 \be
         \tag{$\STP$}

LaTeX Warning: Citation `pimpson' on page 11 undefined on input line 723.


LaTeX Warning: Reference `linord' on page 11 undefined on input line 727.


LaTeX Warning: Reference `nogwel' on page 11 undefined on input line 728.


LaTeX Warning: Reference `forqu' on page 11 undefined on input line 728.


LaTeX Warning: Reference `import' on page 11 undefined on input line 728.

[11]pdfTeX warning (ext4): destination with the same identifier (name{equation.
3.3}) has been already used, duplicate ignored
<to be read again> 
                   \relax 
l.735 \end{align}
                 

LaTeX Warning: Reference `fanns' on page 12 undefined on input line 743.


LaTeX Warning: Reference `fanns' on page 12 undefined on input line 747.


LaTeX Warning: Reference `frukkklk' on page 12 undefined on input line 752.


LaTeX Warning: Reference `fanns' on page 12 undefined on input line 752.


LaTeX Warning: Reference `frukkklk' on page 12 undefined on input line 752.


LaTeX Warning: Reference `fanns' on page 12 undefined on input line 761.


LaTeX Warning: Reference `frukkklk3' on page 12 undefined on input line 761.


LaTeX Warning: Reference `frukkklk3' on page 12 undefined on input line 762.


LaTeX Warning: Reference `fanns' on page 12 undefined on input line 766.


LaTeX Warning: Reference `fanns' on page 12 undefined on input line 766.


LaTeX Warning: Reference `frukkklk' on page 12 undefined on input line 766.


LaTeX Warning: Reference `fanns' on page 12 undefined on input line 766.


LaTeX Warning: Reference `gundark' on page 12 undefined on input line 766.


LaTeX Warning: Reference `frukkklk3' on page 12 undefined on input line 766.


LaTeX Warning: Reference `frukkklk' on page 12 undefined on input line 771.


LaTeX Warning: Reference `frukkklk' on page 12 undefined on input line 790.


LaTeX Warning: Reference `trakke' on page 12 undefined on input line 790.


LaTeX Warning: Reference `jaj' on page 12 undefined on input line 791.

[12]

LaTeX Warning: Reference `jaj2' on page 13 undefined on input line 795.


LaTeX Warning: Reference `consresultcor' on page 13 undefined on input line 803
.


LaTeX Warning: Reference `jaj4' on page 13 undefined on input line 803.


LaTeX Warning: Reference `jaj5' on page 13 undefined on input line 807.


LaTeX Warning: Reference `import2' on page 13 undefined on input line 808.


LaTeX Warning: Reference `trakke' on page 13 undefined on input line 815.


LaTeX Warning: Reference `consresultcor' on page 13 undefined on input line 819
.


LaTeX Warning: Reference `frukkklk' on page 13 undefined on input line 819.


LaTeX Warning: Reference `import2' on page 13 undefined on input line 826.


LaTeX Warning: Reference `import2' on page 13 undefined on input line 828.


LaTeX Warning: Reference `import2' on page 13 undefined on input line 829.


LaTeX Warning: Reference `kinkel' on page 13 undefined on input line 838.


LaTeX Warning: Reference `protofinal' on page 13 undefined on input line 839.


LaTeX Warning: Reference `lapdog' on page 13 undefined on input line 839.


LaTeX Warning: Reference `consresultcor' on page 13 undefined on input line 839
.

[13]

LaTeX Warning: Reference `import' on page 14 undefined on input line 841.


LaTeX Warning: Reference `nogwel' on page 14 undefined on input line 841.

[14]

LaTeX Warning: Citation `yussie' on page 15 undefined on input line 880.


LaTeX Warning: Reference `leipi' on page 15 undefined on input line 880.


LaTeX Warning: Reference `leipi2' on page 15 undefined on input line 881.


LaTeX Warning: Citation `sayo' on page 15 undefined on input line 900.


LaTeX Warning: Citation `yuppie' on page 15 undefined on input line 900.


LaTeX Warning: Citation `kei1' on page 15 undefined on input line 901.


Overfull \hbox (1.09196pt too wide) detected at line 924
\OT1/cmr/m/n/10 (\OMS/cmsy/m/n/10 8\OML/cmm/m/it/10 k[]; g[]; T[] \OMS/cmsy/m/n
/10 ^^T[] \OT1/cmr/m/n/10 1)[](\OMS/cmsy/m/n/10 8\OML/cmm/m/it/10  \OMS/cmsy/m
/n/10 2 \OT1/cmr/m/n/10 ^^C(\OML/cmm/m/it/10 g; k\OT1/cmr/m/n/10 )(2))([]\OML/c
mm/m/it/10 g\OT1/cmr/m/n/10 (\OML/cmm/m/it/10 \OT1/cmr/m/n/10 ) \OMS/cmsy/m/n/
10 62 \OML/cmm/m/it/10 T\OT1/cmr/m/n/10 ) \OMS/cmsy/m/n/10 ! \OT1/cmr/m/n/10 (\
OMS/cmsy/m/n/10 9\OML/cmm/m/it/10 n \OMS/cmsy/m/n/10 ^^T \OT1/cmr/m/n/10 ^^C(\O
ML/cmm/m/it/10 g; k\OT1/cmr/m/n/10 )(1))(\OML/cmm/m/it/10 L[]\OT1/cmr/m/n/10 (\
OML/cmm/m/it/10 T\OT1/cmr/m/n/10 ) \OMS/cmsy/m/n/10 ^^T []\OT1/cmr/m/n/10 )[]\O
ML/cmm/m/it/10 :
 []


LaTeX Warning: Reference `lapdog' on page 15 undefined on input line 941.

[15]

LaTeX Warning: Reference `import' on page 16 undefined on input line 948.


LaTeX Warning: Reference `nogwel' on page 16 undefined on input line 954.


LaTeX Warning: Reference `proto' on page 16 undefined on input line 956.


LaTeX Warning: Reference `kinkel' on page 16 undefined on input line 956.


LaTeX Warning: Reference `proto' on page 16 undefined on input line 972.


LaTeX Warning: Reference `kinkel' on page 16 undefined on input line 972.


LaTeX Warning: Reference `photon' on page 16 undefined on input line 977.


LaTeX Warning: Reference `w2' on page 16 undefined on input line 992.


LaTeX Warning: Reference `nogwel' on page 16 undefined on input line 996.


LaTeX Warning: Reference `w2' on page 16 undefined on input line 996.


LaTeX Warning: Reference `dz' on page 16 undefined on input line 996.


LaTeX Warning: Reference `consresultcor' on page 16 undefined on input line 996
.

[16pdfTeX warning (ext4): destination with the same identifier (name{equation.3
.16}) has been already used, duplicate ignored

\AtBegShi@Output ...ipout \box \AtBeginShipoutBox 
                                                  \fi \fi 
l.1001 \end{cor}
                pdfTeX warning (ext4): destination with the same identifier (na
me{equation.3.16}) has been already used, duplicate ignored

\AtBegShi@Output ...ipout \box \AtBeginShipoutBox 
                                                  \fi \fi 
l.1001 \end{cor}
                ]
Overfull \hbox (1.83401pt too wide) in paragraph at lines 1003--1004
[]\OT1/cmr/m/n/10 The fol-low-ing corol-lary es-tab-lishes the non-stan-dard ve
r-sion of the non-implication
 []


LaTeX Warning: Reference `nogwel' on page 17 undefined on input line 1009.


LaTeX Warning: Reference `proto3' on page 17 undefined on input line 1012.


Overfull \hbox (10.17844pt too wide) in paragraph at lines 1016--1017
[]\OT1/cmr/bx/n/10 Corollary 3.32. \OT1/cmr/m/it/10 For any term $\OML/cmm/m/it
/10 t$ \OT1/cmr/m/it/10 of G^^?odel's $[]$, $[][] \OMS/cmsy/m/n/10 6` \OT1/cmr/
m/n/10 (\OMS/cmsy/m/n/10 8\OT1/cmr/m/n/10 ^^C)([](^^C) \OMS/cmsy/m/n/10 ! []\OT
1/cmr/m/n/10 (\OML/cmm/m/it/10 t\OT1/cmr/m/n/10 (^^C)))$\OT1/cmr/m/it/10 . 
 []


Overfull \hbox (18.0385pt too wide) in paragraph at lines 1027--1029
[]\OT1/cmr/bx/n/10 Definition 3.34. \OT1/cmr/m/n/10 [Weak weak spe-cial fan fun
c-tional] De-fine $[](\OML/cmm/m/it/10 ^^P\OT1/cmr/m/n/10 )$ for $\OML/cmm/m/it
/10 ^^P[]$\OT1/cmr/m/n/10 : 
 []


LaTeX Warning: Reference `consresultcor' on page 17 undefined on input line 104
2.


LaTeX Warning: Reference `nogwel' on page 17 undefined on input line 1042.


LaTeX Warning: Reference `proto' on page 17 undefined on input line 1058.


LaTeX Warning: Reference `proto2' on page 17 undefined on input line 1058.

[17]

LaTeX Warning: Reference `proto' on page 18 undefined on input line 1100.


Overfull \hbox (24.55646pt too wide) detected at line 1114
\OT1/cmr/m/n/10 [\OML/cmm/m/it/10 '[]\OT1/cmr/m/n/10 ][](\OML/cmm/m/it/10 ^^[[]
\OT1/cmr/m/n/10 ) := (\OML/cmm/m/it/10 ^^Vm \OMS/cmsy/m/n/10 ^^T \OML/cmm/m/it/
10 z\OT1/cmr/m/n/10 )(\OMS/cmsy/m/n/10 8\OML/cmm/m/it/10 ^^\[]; ^^Z[] \OMS/cmsy
/m/n/10 ^^T[] \OT1/cmr/m/n/10 1)[](\OMS/cmsy/m/n/10 j\OML/cmm/m/it/10 ^^\\OMS/c
msy/m/n/10 j \OT1/cmr/m/n/10 = \OMS/cmsy/m/n/10 j\OML/cmm/m/it/10 ^^Z\OMS/cmsy/
m/n/10 j \OT1/cmr/m/n/10 = \OML/cmm/m/it/10 z  \OMS/cmsy/m/n/10 ^  []\OML/cmm/m
/it/10 m \OT1/cmr/m/n/10 = []\OML/cmm/m/it/10 m\OT1/cmr/m/n/10 ) \OMS/cmsy/m/n/
10 ! \OML/cmm/m/it/10 ^^[\OT1/cmr/m/n/10 (\OML/cmm/m/it/10 ^^\\OT1/cmr/m/n/10 )
 = \OML/cmm/m/it/10 ^^[\OT1/cmr/m/n/10 (\OML/cmm/m/it/10 ^^Z\OT1/cmr/m/n/10 ) \
OML/cmm/m/it/10 > \OT1/cmr/m/n/10 0[]
 []

[18]

LaTeX Warning: Reference `protofinal' on page 19 undefined on input line 1134.

[19]

LaTeX Font Warning: Font shape `OT1/cmss/m/it' in size <8> not available
(Font)              Font shape `OT1/cmss/m/sl' tried instead on input line 1432
.

Package atveryend Info: Empty hook `BeforeClearDocument' on input line 1479.
[20]
Package atveryend Info: Empty hook `AfterLastShipout' on input line 1479.
 (./NS1_CT and NSA.aux)
Package atveryend Info: Executing hook `AtVeryEndDocument' on input line 1479.
Package atveryend Info: Executing hook `AtEndAfterFileList' on input line 1479.



Package rerunfilecheck Warning: File `"NS1_CT and NSA".out' has changed.
(rerunfilecheck)                Rerun to get outlines right
(rerunfilecheck)                or use package `bookmark'.

Package rerunfilecheck Info: Checksums for `"NS1_CT and NSA".out':
(rerunfilecheck)             Before: <no file>
(rerunfilecheck)             After:  87F9BCE6EB1EB3151092035B30FE57A9;1344.

LaTeX Warning: There were undefined references.


LaTeX Warning: Label(s) may have changed. Rerun to get cross-references right.

Package atveryend Info: Empty hook `AtVeryVeryEnd' on input line 1479.
 ) 
Here is how much of TeX's memory you used:
 6957 strings out of 493089
 93921 string characters out of 6134842
 184326 words of memory out of 5000000
 10004 multiletter control sequences out of 15000+600000
 14923 words of font info for 55 fonts, out of 8000000 for 9000
 1302 hyphenation exceptions out of 8191
 34i,12n,31p,589b,705s stack positions out of 5000i,500n,10000p,200000b,80000s
</usr/local/texlive/2015/texmf-dist/fonts/type1/public/amsfonts/cm/cmbx10.pfb
></usr/local/texlive/2015/texmf-dist/fonts/type1/public/amsfonts/cm/cmbx8.pfb><
/usr/local/texlive/2015/texmf-dist/fonts/type1/public/amsfonts/cm/cmcsc10.pfb><
/usr/local/texlive/2015/texmf-dist/fonts/type1/public/amsfonts/cm/cmex10.pfb></
usr/local/texlive/2015/texmf-dist/fonts/type1/public/amsfonts/cm/cmmi10.pfb></u
sr/local/texlive/2015/texmf-dist/fonts/type1/public/amsfonts/cm/cmmi5.pfb></usr
/local/texlive/2015/texmf-dist/fonts/type1/public/amsfonts/cm/cmmi6.pfb></usr/l
ocal/texlive/2015/texmf-dist/fonts/type1/public/amsfonts/cm/cmmi7.pfb></usr/loc
al/texlive/2015/texmf-dist/fonts/type1/public/amsfonts/cm/cmmi8.pfb></usr/local
/texlive/2015/texmf-dist/fonts/type1/public/amsfonts/cm/cmr10.pfb></usr/local/t
exlive/2015/texmf-dist/fonts/type1/public/amsfonts/cm/cmr5.pfb></usr/local/texl
ive/2015/texmf-dist/fonts/type1/public/amsfonts/cm/cmr6.pfb></usr/local/texlive
/2015/texmf-dist/fonts/type1/public/amsfonts/cm/cmr7.pfb></usr/local/texlive/20
15/texmf-dist/fonts/type1/public/amsfonts/cm/cmr8.pfb></usr/local/texlive/2015/
texmf-dist/fonts/type1/public/amsfonts/cm/cmss10.pfb></usr/local/texlive/2015/t
exmf-dist/fonts/type1/public/amsfonts/cm/cmss8.pfb></usr/local/texlive/2015/tex
mf-dist/fonts/type1/public/amsfonts/cm/cmsy10.pfb></usr/local/texlive/2015/texm
f-dist/fonts/type1/public/amsfonts/cm/cmsy5.pfb></usr/local/texlive/2015/texmf-
dist/fonts/type1/public/amsfonts/cm/cmsy6.pfb></usr/local/texlive/2015/texmf-di
st/fonts/type1/public/amsfonts/cm/cmsy7.pfb></usr/local/texlive/2015/texmf-dist
/fonts/type1/public/amsfonts/cm/cmsy8.pfb></usr/local/texlive/2015/texmf-dist/f
onts/type1/public/amsfonts/cm/cmti10.pfb></usr/local/texlive/2015/texmf-dist/fo
nts/type1/public/amsfonts/cm/cmti8.pfb></usr/local/texlive/2015/texmf-dist/font
s/type1/public/amsfonts/cm/cmtt10.pfb></usr/local/texlive/2015/texmf-dist/fonts
/type1/public/amsfonts/cm/cmtt8.pfb></usr/local/texlive/2015/texmf-dist/fonts/t
ype1/public/amsfonts/symbols/msam10.pfb></usr/local/texlive/2015/texmf-dist/fon
ts/type1/public/amsfonts/symbols/msbm10.pfb></usr/local/texlive/2015/texmf-dist
/fonts/type1/public/amsfonts/symbols/msbm7.pfb>
Output written on "NS1_CT and NSA.pdf" (20 pages, 425458 bytes).
PDF statistics:
 562 PDF objects out of 1000 (max. 8388607)
 506 compressed objects within 6 object streams
 234 named destinations out of 1000 (max. 500000)
 1 words of extra memory for PDF output out of 10000 (max. 10000000)

